<?xml version="1.0" encoding="UTF-8"?>
<!-- Generated by org.testng.reporters.JUnitReportReporter -->
<testsuite hostname="LCG-PGuduri" failures="0" tests="1" name="levrod.Main" time="18.053" errors="0" timestamp="2023-05-30T18:17:37 IST" skipped="0">
  <testcase classname="levrod.Main" name="main" time="18.053"/>
  <system-out/>
</testsuite> <!-- levrod.Main -->
